State 0:
          input ::= * exprlist
          exprlist ::= * exprlist eoption
          exprlist ::= * exprlist epackage
          exprlist ::= * exprlist eenum
          exprlist ::= * exprlist estruct
          exprlist ::= * exprlist comment
      (6) exprlist ::= *

                         input accept
                      exprlist shift  1
                     {default} reduce 6

State 1:
      (0) input ::= exprlist *
          exprlist ::= exprlist * eoption
          exprlist ::= exprlist * epackage
          exprlist ::= exprlist * eenum
          exprlist ::= exprlist * estruct
          exprlist ::= exprlist * comment
          eoption ::= * OPTION okeyword ASSIGN ovalue DELIM
          epackage ::= * PACKAGE pname DELIM
          eenum ::= * eenumstart LBRACE evallist RBRACE
          eenumstart ::= * ENUM ename
          estruct ::= * estructstart LBRACE deflist RBRACE
          estructstart ::= * STRUCT sname
          comment ::= * COMMENT

                             $ reduce 0
                        OPTION shift  13
                       PACKAGE shift  11
                          ENUM shift  9
                        STRUCT shift  8
                       COMMENT shift  76
                       eoption shift  94
                      epackage shift  93
                         eenum shift  92
                       estruct shift  91
                       comment shift  90
                    eenumstart shift  35
                  estructstart shift  32

State 2:
          eenum ::= * eenumstart LBRACE evallist RBRACE
          eenumstart ::= * ENUM ename
          estruct ::= * estructstart LBRACE deflist RBRACE
          estruct ::= estructstart LBRACE deflist * RBRACE
          estructstart ::= * STRUCT sname
          deflist ::= deflist * edef
          deflist ::= deflist * comment
          edef ::= * preoption vconstraint vtype vname vorder vdefault DELIM
          edef ::= * estruct
          edef ::= * eenum
          preoption ::= * LSBRACKET voption RSBRACKET
     (32) preoption ::= *
          comment ::= * COMMENT

                        RBRACE shift  73
                          ENUM shift  9
                        STRUCT shift  8
                     LSBRACKET shift  4
                       COMMENT shift  76
                         eenum shift  47
                       estruct shift  48
                       comment shift  69
                    eenumstart shift  35
                  estructstart shift  32
                          edef shift  70
                     preoption shift  14
                     {default} reduce 32

State 3:
          eenum ::= eenumstart LBRACE evallist * RBRACE
          evallist ::= evallist * eval
          evallist ::= evallist * comment
          eval ::= * evalname ASSIGN evalval DELIM
          evalname ::= * string
          comment ::= * COMMENT
          string ::= * CUSTOM

                        RBRACE shift  83
                       COMMENT shift  76
                        CUSTOM shift  87
                       comment shift  81
                        string shift  77
                          eval shift  82
                      evalname shift  34

State 4:
          preoption ::= LSBRACKET * voption RSBRACKET
          voption ::= * fieldoption
          voption ::= * voption COMMA fieldoption
          fieldoption ::= * REQUIRED
          fieldoption ::= * OPTIONAL
          fieldoption ::= * REPEATED
          fieldoption ::= * ORDERMAP
          fieldoption ::= * integer
          integer ::= * CUSTOM

                      REQUIRED shift  44
                      OPTIONAL shift  43
                      REPEATED shift  42
                      ORDERMAP shift  41
                        CUSTOM shift  78
                       integer shift  40
                       voption shift  23
                   fieldoption shift  39

State 5:
          edef ::= preoption vconstraint * vtype vname vorder vdefault DELIM
          vtype ::= * INTEGER
          vtype ::= * SINTEGER
          vtype ::= * UINTEGER
          vtype ::= * INTEGER64
          vtype ::= * SINTEGER64
          vtype ::= * UINTEGER64
          vtype ::= * FLOAT
          vtype ::= * DOUBLE
          vtype ::= * STRING
          vtype ::= * BOOL
          vtype ::= * string
          string ::= * CUSTOM

                       INTEGER shift  63
                      SINTEGER shift  62
                      UINTEGER shift  61
                     INTEGER64 shift  60
                    SINTEGER64 shift  59
                    UINTEGER64 shift  58
                         FLOAT shift  57
                        DOUBLE shift  56
                        STRING shift  55
                          BOOL shift  54
                        CUSTOM shift  87
                        string shift  53
                         vtype shift  7

State 6:
          voption ::= voption COMMA * fieldoption
          fieldoption ::= * REQUIRED
          fieldoption ::= * OPTIONAL
          fieldoption ::= * REPEATED
          fieldoption ::= * ORDERMAP
          fieldoption ::= * integer
          integer ::= * CUSTOM

                      REQUIRED shift  44
                      OPTIONAL shift  43
                      REPEATED shift  42
                      ORDERMAP shift  41
                        CUSTOM shift  78
                       integer shift  40
                   fieldoption shift  45

State 7:
          edef ::= preoption vconstraint vtype * vname vorder vdefault DELIM
          vname ::= * string
          string ::= * CUSTOM

                        CUSTOM shift  87
                        string shift  64
                         vname shift  19

State 8:
          estructstart ::= STRUCT * sname
          sname ::= * string
          sname ::= * string LSBRACKET integer RSBRACKET
          string ::= * CUSTOM

                        CUSTOM shift  87
                        string shift  31
                         sname shift  72

State 9:
          eenumstart ::= ENUM * ename
          ename ::= * string
          string ::= * CUSTOM

                        CUSTOM shift  87
                        string shift  74
                         ename shift  75

State 10:
          eval ::= evalname ASSIGN * evalval DELIM
          evalval ::= * integer
          integer ::= * CUSTOM

                        CUSTOM shift  78
                       evalval shift  33
                       integer shift  79

State 11:
          epackage ::= PACKAGE * pname DELIM
          pname ::= * string
          string ::= * CUSTOM

                        CUSTOM shift  87
                        string shift  84
                         pname shift  36

State 12:
          eoption ::= OPTION okeyword ASSIGN * ovalue DELIM
          ovalue ::= * string
          string ::= * CUSTOM

                        CUSTOM shift  87
                        ovalue shift  37
                        string shift  88

State 13:
          eoption ::= OPTION * okeyword ASSIGN ovalue DELIM
          okeyword ::= * string
          string ::= * CUSTOM

                        CUSTOM shift  87
                      okeyword shift  38
                        string shift  86

State 14:
          edef ::= preoption * vconstraint vtype vname vorder vdefault DELIM
          vconstraint ::= * REQUIRED
          vconstraint ::= * OPTIONAL
          vconstraint ::= * REPEATED
          vconstraint ::= * ORDERMAP
     (44) vconstraint ::= *

                      REQUIRED shift  52
                      OPTIONAL shift  51
                      REPEATED shift  50
                      ORDERMAP shift  49
                   vconstraint shift  5
                     {default} reduce 44

State 15:
          vorder ::= ASSIGN * integer
          integer ::= * CUSTOM

                        CUSTOM shift  78
                       integer shift  65

State 16:
          vdefault ::= LSBRACKET PACKED ASSIGN * string RSBRACKET
          string ::= * CUSTOM

                        CUSTOM shift  87
                        string shift  25

State 17:
          vdefault ::= LSBRACKET DEFAULT ASSIGN * string RSBRACKET
          string ::= * CUSTOM

                        CUSTOM shift  87
                        string shift  27

State 18:
          edef ::= preoption vconstraint vtype vname vorder * vdefault DELIM
          vdefault ::= * LSBRACKET DEFAULT ASSIGN string RSBRACKET
          vdefault ::= * LSBRACKET PACKED ASSIGN string RSBRACKET
     (61) vdefault ::= *

                     LSBRACKET shift  24
                      vdefault shift  29
                     {default} reduce 61

State 19:
          edef ::= preoption vconstraint vtype vname * vorder vdefault DELIM
          vorder ::= * ASSIGN integer
     (58) vorder ::= *

                        ASSIGN shift  15
                        vorder shift  18
                     {default} reduce 58

State 20:
          sname ::= string LSBRACKET * integer RSBRACKET
          integer ::= * CUSTOM

                        CUSTOM shift  78
                       integer shift  30

State 21:
          estruct ::= estructstart LBRACE * deflist RBRACE
          deflist ::= * deflist edef
          deflist ::= * deflist comment
     (27) deflist ::= *

                       deflist shift  2
                     {default} reduce 27

State 22:
          eenum ::= eenumstart LBRACE * evallist RBRACE
          evallist ::= * evallist eval
          evallist ::= * evallist comment
     (17) evallist ::= *

                      evallist shift  3
                     {default} reduce 17

State 23:
          preoption ::= LSBRACKET voption * RSBRACKET
          voption ::= voption * COMMA fieldoption

                     RSBRACKET shift  46
                         COMMA shift  6

State 24:
          vdefault ::= LSBRACKET * DEFAULT ASSIGN string RSBRACKET
          vdefault ::= LSBRACKET * PACKED ASSIGN string RSBRACKET

                       DEFAULT shift  28
                        PACKED shift  26

State 25:
          vdefault ::= LSBRACKET PACKED ASSIGN string * RSBRACKET

                     RSBRACKET shift  66

State 26:
          vdefault ::= LSBRACKET PACKED * ASSIGN string RSBRACKET

                        ASSIGN shift  16

State 27:
          vdefault ::= LSBRACKET DEFAULT ASSIGN string * RSBRACKET

                     RSBRACKET shift  67

State 28:
          vdefault ::= LSBRACKET DEFAULT * ASSIGN string RSBRACKET

                        ASSIGN shift  17

State 29:
          edef ::= preoption vconstraint vtype vname vorder vdefault * DELIM

                         DELIM shift  68

State 30:
          sname ::= string LSBRACKET integer * RSBRACKET

                     RSBRACKET shift  71

State 31:
     (23) sname ::= string *
          sname ::= string * LSBRACKET integer RSBRACKET

                     LSBRACKET shift  20
                     {default} reduce 23

State 32:
          estruct ::= estructstart * LBRACE deflist RBRACE

                        LBRACE shift  21

State 33:
          eval ::= evalname ASSIGN evalval * DELIM

                         DELIM shift  80

State 34:
          eval ::= evalname * ASSIGN evalval DELIM

                        ASSIGN shift  10

State 35:
          eenum ::= eenumstart * LBRACE evallist RBRACE

                        LBRACE shift  22

State 36:
          epackage ::= PACKAGE pname * DELIM

                         DELIM shift  85

State 37:
          eoption ::= OPTION okeyword ASSIGN ovalue * DELIM

                         DELIM shift  89

State 38:
          eoption ::= OPTION okeyword * ASSIGN ovalue DELIM

                        ASSIGN shift  12

State 39:
     (33) voption ::= fieldoption *

                     {default} reduce 33

State 40:
     (39) fieldoption ::= integer *

                     {default} reduce 39

State 41:
     (38) fieldoption ::= ORDERMAP *

                     {default} reduce 38

State 42:
     (37) fieldoption ::= REPEATED *

                     {default} reduce 37

State 43:
     (36) fieldoption ::= OPTIONAL *

                     {default} reduce 36

State 44:
     (35) fieldoption ::= REQUIRED *

                     {default} reduce 35

State 45:
     (34) voption ::= voption COMMA fieldoption *

                     {default} reduce 34

State 46:
     (31) preoption ::= LSBRACKET voption RSBRACKET *

                     {default} reduce 31

State 47:
     (30) edef ::= eenum *

                     {default} reduce 30

State 48:
     (29) edef ::= estruct *

                     {default} reduce 29

State 49:
     (43) vconstraint ::= ORDERMAP *

                     {default} reduce 43

State 50:
     (42) vconstraint ::= REPEATED *

                     {default} reduce 42

State 51:
     (41) vconstraint ::= OPTIONAL *

                     {default} reduce 41

State 52:
     (40) vconstraint ::= REQUIRED *

                     {default} reduce 40

State 53:
     (55) vtype ::= string *

                     {default} reduce 55

State 54:
     (54) vtype ::= BOOL *

                     {default} reduce 54

State 55:
     (53) vtype ::= STRING *

                     {default} reduce 53

State 56:
     (52) vtype ::= DOUBLE *

                     {default} reduce 52

State 57:
     (51) vtype ::= FLOAT *

                     {default} reduce 51

State 58:
     (50) vtype ::= UINTEGER64 *

                     {default} reduce 50

State 59:
     (49) vtype ::= SINTEGER64 *

                     {default} reduce 49

State 60:
     (48) vtype ::= INTEGER64 *

                     {default} reduce 48

State 61:
     (47) vtype ::= UINTEGER *

                     {default} reduce 47

State 62:
     (46) vtype ::= SINTEGER *

                     {default} reduce 46

State 63:
     (45) vtype ::= INTEGER *

                     {default} reduce 45

State 64:
     (56) vname ::= string *

                     {default} reduce 56

State 65:
     (57) vorder ::= ASSIGN integer *

                     {default} reduce 57

State 66:
     (60) vdefault ::= LSBRACKET PACKED ASSIGN string RSBRACKET *

                     {default} reduce 60

State 67:
     (59) vdefault ::= LSBRACKET DEFAULT ASSIGN string RSBRACKET *

                     {default} reduce 59

State 68:
     (28) edef ::= preoption vconstraint vtype vname vorder vdefault DELIM *

                     {default} reduce 28

State 69:
     (26) deflist ::= deflist comment *

                     {default} reduce 26

State 70:
     (25) deflist ::= deflist edef *

                     {default} reduce 25

State 71:
     (24) sname ::= string LSBRACKET integer RSBRACKET *

                     {default} reduce 24

State 72:
     (22) estructstart ::= STRUCT sname *

                     {default} reduce 22

State 73:
     (21) estruct ::= estructstart LBRACE deflist RBRACE *

                     {default} reduce 21

State 74:
     (14) ename ::= string *

                     {default} reduce 14

State 75:
     (13) eenumstart ::= ENUM ename *

                     {default} reduce 13

State 76:
     (62) comment ::= COMMENT *

                     {default} reduce 62

State 77:
     (19) evalname ::= string *

                     {default} reduce 19

State 78:
     (63) integer ::= CUSTOM *

                     {default} reduce 63

State 79:
     (20) evalval ::= integer *

                     {default} reduce 20

State 80:
     (18) eval ::= evalname ASSIGN evalval DELIM *

                     {default} reduce 18

State 81:
     (16) evallist ::= evallist comment *

                     {default} reduce 16

State 82:
     (15) evallist ::= evallist eval *

                     {default} reduce 15

State 83:
     (12) eenum ::= eenumstart LBRACE evallist RBRACE *

                     {default} reduce 12

State 84:
     (11) pname ::= string *

                     {default} reduce 11

State 85:
     (10) epackage ::= PACKAGE pname DELIM *

                     {default} reduce 10

State 86:
      (8) okeyword ::= string *

                     {default} reduce 8

State 87:
     (64) string ::= CUSTOM *

                     {default} reduce 64

State 88:
      (9) ovalue ::= string *

                     {default} reduce 9

State 89:
      (7) eoption ::= OPTION okeyword ASSIGN ovalue DELIM *

                     {default} reduce 7

State 90:
      (5) exprlist ::= exprlist comment *

                     {default} reduce 5

State 91:
      (4) exprlist ::= exprlist estruct *

                     {default} reduce 4

State 92:
      (3) exprlist ::= exprlist eenum *

                     {default} reduce 3

State 93:
      (2) exprlist ::= exprlist epackage *

                     {default} reduce 2

State 94:
      (1) exprlist ::= exprlist eoption *

                     {default} reduce 1

----------------------------------------------------
Symbols:
    0: $:
    1: OPTION
    2: ASSIGN
    3: DELIM
    4: PACKAGE
    5: LBRACE
    6: RBRACE
    7: ENUM
    8: STRUCT
    9: LSBRACKET
   10: RSBRACKET
   11: COMMA
   12: REQUIRED
   13: OPTIONAL
   14: REPEATED
   15: ORDERMAP
   16: INTEGER
   17: SINTEGER
   18: UINTEGER
   19: INTEGER64
   20: SINTEGER64
   21: UINTEGER64
   22: FLOAT
   23: DOUBLE
   24: STRING
   25: BOOL
   26: DEFAULT
   27: PACKED
   28: COMMENT
   29: CUSTOM
   30: error:
   31: input: OPTION PACKAGE ENUM STRUCT COMMENT
   32: exprlist: <lambda> OPTION PACKAGE ENUM STRUCT COMMENT
   33: eoption: OPTION
   34: epackage: PACKAGE
   35: eenum: ENUM
   36: estruct: STRUCT
   37: comment: COMMENT
   38: okeyword: CUSTOM
   39: ovalue: CUSTOM
   40: string: CUSTOM
   41: pname: CUSTOM
   42: eenumstart: ENUM
   43: evallist: <lambda> COMMENT CUSTOM
   44: ename: CUSTOM
   45: eval: CUSTOM
   46: evalname: CUSTOM
   47: evalval: CUSTOM
   48: integer: CUSTOM
   49: estructstart: STRUCT
   50: deflist: <lambda> ENUM STRUCT LSBRACKET REQUIRED OPTIONAL REPEATED ORDERMAP INTEGER SINTEGER UINTEGER INTEGER64 SINTEGER64 UINTEGER64 FLOAT DOUBLE STRING BOOL COMMENT CUSTOM
   51: sname: CUSTOM
   52: edef: ENUM STRUCT LSBRACKET REQUIRED OPTIONAL REPEATED ORDERMAP INTEGER SINTEGER UINTEGER INTEGER64 SINTEGER64 UINTEGER64 FLOAT DOUBLE STRING BOOL CUSTOM
   53: preoption: <lambda> LSBRACKET
   54: vconstraint: <lambda> REQUIRED OPTIONAL REPEATED ORDERMAP
   55: vtype: INTEGER SINTEGER UINTEGER INTEGER64 SINTEGER64 UINTEGER64 FLOAT DOUBLE STRING BOOL CUSTOM
   56: vname: CUSTOM
   57: vorder: <lambda> ASSIGN
   58: vdefault: <lambda> LSBRACKET
   59: voption: REQUIRED OPTIONAL REPEATED ORDERMAP CUSTOM
   60: fieldoption: REQUIRED OPTIONAL REPEATED ORDERMAP CUSTOM
